<?xml version="1.0" encoding="UTF-8"?>
<!-- Generated by org.testng.reporters.JUnitXMLReporter -->
<testsuite hostname="USABOS278590L" name="Default test" tests="1" failures="0" timestamp="31 Jul 2019 16:23:26 GMT" time="0.031" errors="0">
  <testcase name="@BeforeSuite beforeSuite" time="0.0" classname="selenium.advance.AutomateCitrix">
    <failure type="org.testng.TestNGException" message="
Parameter &amp;apos;URL&amp;apos; is required by @Configuration on method beforeSuite but has not been marked @Optional or defined
in C:\Users\Menakshi.Prasad\AppData\Local\Temp\testng-eclipse-557400045\testng-customsuite.xml">
      <![CDATA[org.testng.TestNGException: 
Parameter 'URL' is required by @Configuration on method beforeSuite but has not been marked @Optional or defined
in C:\Users\Menakshi.Prasad\AppData\Local\Temp\testng-eclipse-557400045\testng-customsuite.xml
	at org.testng.internal.Parameters.createParameters(Parameters.java:155)
	at org.testng.internal.Parameters.createParameters(Parameters.java:355)
	at org.testng.internal.Parameters.createConfigurationParameters(Parameters.java:86)
	at org.testng.internal.Invoker.invokeConfigurations(Invoker.java:199)
	at org.testng.internal.Invoker.invokeConfigurations(Invoker.java:138)
	at org.testng.SuiteRunner.privateRun(SuiteRunner.java:277)
	at org.testng.SuiteRunner.run(SuiteRunner.java:240)
	at org.testng.SuiteRunnerWorker.runSuite(SuiteRunnerWorker.java:52)
	at org.testng.SuiteRunnerWorker.run(SuiteRunnerWorker.java:86)
	at org.testng.TestNG.runSuitesSequentially(TestNG.java:1198)
	at org.testng.TestNG.runSuitesLocally(TestNG.java:1123)
	at org.testng.TestNG.run(TestNG.java:1031)
	at org.testng.remote.AbstractRemoteTestNG.run(AbstractRemoteTestNG.java:115)
	at org.testng.remote.RemoteTestNG.initAndRun(RemoteTestNG.java:251)
	at org.testng.remote.RemoteTestNG.main(RemoteTestNG.java:77)
]]>
    </failure>
  </testcase> <!-- @BeforeSuite beforeSuite -->
  <testcase name="Test" time="0.009" classname="selenium.advance.AutomateCitrix">
    <skipped/>
  </testcase> <!-- Test -->
</testsuite> <!-- Default test -->
