<?xml version="1.0" encoding="UTF-8"?>
<!-- Generated by org.testng.reporters.JUnitXMLReporter -->
<testsuite hostname="USABOS278590L" name="Test" tests="3" failures="0" timestamp="23 Aug 2019 20:59:45 GMT" time="15.34" errors="0">
  <testcase name="login" time="14.142" classname="selenium.POM.IEBILoginTest"/>
  <testcase name="Welcome" time="0.077" classname="selenium.POM.WelcomeTest"/>
  <testcase name="logout" time="1.084" classname="selenium.POM.IEBILogoutTest"/>
</testsuite> <!-- Test -->
