<?xml version="1.0" encoding="UTF-8"?>
<testng-results skipped="0" failed="0" total="3" passed="3">
  <reporter-output>
  </reporter-output>
  <suite name="Suite" duration-ms="15340" started-at="2019-08-23T20:59:29Z" finished-at="2019-08-23T20:59:45Z">
    <groups>
    </groups>
    <test name="Test" duration-ms="15340" started-at="2019-08-23T20:59:29Z" finished-at="2019-08-23T20:59:45Z">
      <class name="selenium.POM.WelcomeTest">
        <test-method status="PASS" signature="Welcome()[pri:0, instance:selenium.POM.WelcomeTest@5abca1e0]" name="Welcome" duration-ms="77" started-at="2019-08-23T15:59:44Z" finished-at="2019-08-23T15:59:44Z">
          <reporter-output>
          </reporter-output>
        </test-method> <!-- Welcome -->
      </class> <!-- selenium.POM.WelcomeTest -->
      <class name="selenium.POM.IEBILogoutTest">
        <test-method status="PASS" signature="logout()[pri:0, instance:selenium.POM.IEBILogoutTest@3632be31]" name="logout" duration-ms="1084" started-at="2019-08-23T15:59:44Z" finished-at="2019-08-23T15:59:45Z">
          <reporter-output>
          </reporter-output>
        </test-method> <!-- logout -->
      </class> <!-- selenium.POM.IEBILogoutTest -->
      <class name="selenium.POM.IEBILoginTest">
        <test-method status="PASS" signature="setUp(java.lang.String, java.lang.String)[pri:0, instance:selenium.POM.IEBILoginTest@60c6f5b]" name="setUp" is-config="true" duration-ms="14125" started-at="2019-08-23T15:59:15Z" finished-at="2019-08-23T15:59:29Z">
          <params>
            <param index="0">
              <value>
                <![CDATA[Chrome]]>
              </value>
            </param>
            <param index="1">
              <value>
                <![CDATA[http://10.67.89.42/Common/Login.aspx]]>
              </value>
            </param>
          </params>
          <reporter-output>
          </reporter-output>
        </test-method> <!-- setUp -->
        <test-method status="PASS" signature="login()[pri:0, instance:selenium.POM.IEBILoginTest@60c6f5b]" name="login" duration-ms="14142" started-at="2019-08-23T15:59:29Z" finished-at="2019-08-23T15:59:44Z">
          <reporter-output>
          </reporter-output>
        </test-method> <!-- login -->
        <test-method status="PASS" signature="tearDown()[pri:0, instance:selenium.POM.IEBILoginTest@60c6f5b]" name="tearDown" is-config="true" duration-ms="2165" started-at="2019-08-23T15:59:45Z" finished-at="2019-08-23T15:59:47Z">
          <reporter-output>
          </reporter-output>
        </test-method> <!-- tearDown -->
      </class> <!-- selenium.POM.IEBILoginTest -->
    </test> <!-- Test -->
  </suite> <!-- Suite -->
</testng-results>
